Using pre-set license
Built from '2020.3/staging' branch; Version is '2020.3.9f1 (108be757e447) revision 1084391'; Using compiler version '192528614'; Build Type 'Release'
OS: 'Windows 10 Pro; OS build 18363.592; Version 1909; 64bit' Language: 'en' Physical Memory: 8162 MB
BatchMode: 1, IsHumanControllingUs: 0, StartBugReporterOnCrash: 0, Is64bit: 1, IsPro: 0

 COMMAND LINE ARGUMENTS:
C:\Program Files\Unity\Hub\Editor\2020.3.9f1\Editor\Unity.exe
-adb2
-batchMode
-noUpm
-name
AssetImportWorker0
-projectPath
E:/TicTacToe
-logFile
Logs/AssetImportWorker0.log
-srvPort
60601
Successfully changed project path to: E:/TicTacToe
E:/TicTacToe
Using Asset Import Pipeline V2.
Refreshing native plugins compatible for Editor in 63.01 ms, found 1 plugins.
Preloading 0 native plugins for Editor in 0.00 ms.
Initialize engine version: 2020.3.9f1 (108be757e447)
[Subsystems] Discovering subsystems at path C:/Program Files/Unity/Hub/Editor/2020.3.9f1/Editor/Data/Resources/UnitySubsystems
[Subsystems] Discovering subsystems at path E:/TicTacToe/Assets
GfxDevice: creating device client; threaded=0
Direct3D:
    Version:  Direct3D 11.0 [level 11.1]
    Renderer: NVIDIA GeForce GTX 1050 (ID=0x1c81)
    Vendor:   
    VRAM:     1977 MB
    Driver:   27.21.14.5730
Initialize mono
Mono path[0] = 'C:/Program Files/Unity/Hub/Editor/2020.3.9f1/Editor/Data/Managed'
Mono path[1] = 'C:/Program Files/Unity/Hub/Editor/2020.3.9f1/Editor/Data/MonoBleedingEdge/lib/mono/unityjit'
Mono config path = 'C:/Program Files/Unity/Hub/Editor/2020.3.9f1/Editor/Data/MonoBleedingEdge/etc'
Using monoOptions --debugger-agent=transport=dt_socket,embedding=1,server=y,suspend=n,address=127.0.0.1:56040
Begin MonoManager ReloadAssembly
Registering precompiled unity dll's ...
Register platform support module: C:/Program Files/Unity/Hub/Editor/2020.3.9f1/Editor/Data/PlaybackEngines/WindowsStandaloneSupport/UnityEditor.WindowsStandalone.Extensions.dll
Registered in 0.002945 seconds.
Native extension for WindowsStandalone target not found
Refreshing native plugins compatible for Editor in 60.53 ms, found 1 plugins.
Preloading 0 native plugins for Editor in 0.00 ms.
Mono: successfully reloaded assembly
- Completed reload, in  2.387 seconds
Platform modules already initialized, skipping
Registering precompiled user dll's ...
Registered in 0.002499 seconds.
Begin MonoManager ReloadAssembly
Symbol file LoadedFromMemory is not a mono symbol file
Native extension for WindowsStandalone target not found
Refreshing native plugins compatible for Editor in 59.57 ms, found 1 plugins.
Preloading 0 native plugins for Editor in 0.00 ms.
Mono: successfully reloaded assembly
- Completed reload, in  1.293 seconds
Platform modules already initialized, skipping
========================================================================
Worker process is ready to serve import requests
Launched and connected shader compiler UnityShaderCompiler.exe after 0.05 seconds
Refreshing native plugins compatible for Editor in 0.58 ms, found 1 plugins.
Preloading 0 native plugins for Editor in 0.00 ms.
Unloading 2105 Unused Serialized files (Serialized files now loaded: 0)
System memory in use before: 95.9 MB.
System memory in use after: 96.0 MB.

Unloading 24 unused Assets to reduce memory usage. Loaded Objects now: 2548.
Total: 2.733200 ms (FindLiveObjects: 0.262000 ms CreateObjectMapping: 0.133600 ms MarkObjects: 2.237600 ms  DeleteObjects: 0.098100 ms)

========================================================================
Received Import Request.
  path: Assets/Photon/PhotonUnityNetworking/Code/Editor/help.png
  artifactKey: Guid(9f1212502533cb34188dd6ef094188cb) Importer(815301076,1909f56bfc062723c751e8b465ee728b)
Start importing Assets/Photon/PhotonUnityNetworking/Code/Editor/help.png using Guid(9f1212502533cb34188dd6ef094188cb) Importer(815301076,1909f56bfc062723c751e8b465ee728b)  -> (artifact id: '6c9fcac57b43fb586f64c4aea22268eb') in 0.105698 seconds
  Import took 0.109844 seconds .

========================================================================
Received Import Request.
  Time since last request: 0.000253 seconds.
  path: Assets/Photon/PhotonUnityNetworking/Code/Editor/PunGradient.png
  artifactKey: Guid(1faa1cf0448470c4ebbb23b97759ab50) Importer(815301076,1909f56bfc062723c751e8b465ee728b)
Start importing Assets/Photon/PhotonUnityNetworking/Code/Editor/PunGradient.png using Guid(1faa1cf0448470c4ebbb23b97759ab50) Importer(815301076,1909f56bfc062723c751e8b465ee728b)  -> (artifact id: '5c0bcd596110f053a710a3f123c22384') in 0.014105 seconds
  Import took 0.018134 seconds .

========================================================================
Received Import Request.
  Time since last request: 0.000053 seconds.
  path: Assets/Photon/PhotonUnityNetworking/Code/Editor/PunSceneSettingsFile.asset
  artifactKey: Guid(d0aacb83307022d449e90a09d28222ae) Importer(815301076,1909f56bfc062723c751e8b465ee728b)
Start importing Assets/Photon/PhotonUnityNetworking/Code/Editor/PunSceneSettingsFile.asset using Guid(d0aacb83307022d449e90a09d28222ae) Importer(815301076,1909f56bfc062723c751e8b465ee728b)  -> (artifact id: 'bf23e5e1f6ba8b288fae96a9a3026d49') in 0.017677 seconds
  Import took 0.021748 seconds .

========================================================================
Received Import Request.
  Time since last request: 0.000207 seconds.
  path: Assets/Photon/PhotonUnityNetworking/Code/Editor/CopyIconPro.png
  artifactKey: Guid(81b8e0c5ffa3345b7aa3af3a2c0257ce) Importer(815301076,1909f56bfc062723c751e8b465ee728b)
Start importing Assets/Photon/PhotonUnityNetworking/Code/Editor/CopyIconPro.png using Guid(81b8e0c5ffa3345b7aa3af3a2c0257ce) Importer(815301076,1909f56bfc062723c751e8b465ee728b)  -> (artifact id: '12a5ec49ad47dcee4a2a5a026eb1ff16') in 0.014613 seconds
  Import took 0.018573 seconds .

========================================================================
Received Import Request.
  Time since last request: 0.000205 seconds.
  path: Assets/Photon/PhotonUnityNetworking/Code/Editor/PhotonUnityNetworking.Editor.asmdef
  artifactKey: Guid(4025d00f1ce60da4ea2d0830acf5ebfb) Importer(815301076,1909f56bfc062723c751e8b465ee728b)
Start importing Assets/Photon/PhotonUnityNetworking/Code/Editor/PhotonUnityNetworking.Editor.asmdef using Guid(4025d00f1ce60da4ea2d0830acf5ebfb) Importer(815301076,1909f56bfc062723c751e8b465ee728b)  -> (artifact id: '995aa98cc8a9ce5e77866c236f58acae') in 0.013427 seconds
  Import took 0.017201 seconds .

========================================================================
Received Import Request.
  Time since last request: 0.000190 seconds.
  path: Assets/Photon/PhotonUnityNetworking/Code/Editor/CopyIcon.png
  artifactKey: Guid(d1228d93299ce47a8a5ac1a33513aeaf) Importer(815301076,1909f56bfc062723c751e8b465ee728b)
Start importing Assets/Photon/PhotonUnityNetworking/Code/Editor/CopyIcon.png using Guid(d1228d93299ce47a8a5ac1a33513aeaf) Importer(815301076,1909f56bfc062723c751e8b465ee728b)  -> (artifact id: 'aa2637b1ec8b8ac8bdfc14b1c1627523') in 0.013481 seconds
  Import took 0.017522 seconds .

========================================================================
Received Import Request.
  Time since last request: 24.850600 seconds.
  path: Assets/BUI/Prefabs/Buttons/ErrorButton.prefab
  artifactKey: Guid(5eebd285f45950b4899e88b870a5c107) Importer(815301076,1909f56bfc062723c751e8b465ee728b)
Start importing Assets/BUI/Prefabs/Buttons/ErrorButton.prefab using Guid(5eebd285f45950b4899e88b870a5c107) Importer(815301076,1909f56bfc062723c751e8b465ee728b)  -> (artifact id: '75d43e841780bfa94228c5378854b39e') in 0.041810 seconds
  Import took 0.046558 seconds .

========================================================================
Received Import Request.
  Time since last request: 0.000197 seconds.
  path: Assets/BUI/Prefabs/Buttons/WarningButton.prefab
  artifactKey: Guid(c763a983388706a4897f23bcb29d8b21) Importer(815301076,1909f56bfc062723c751e8b465ee728b)
Start importing Assets/BUI/Prefabs/Buttons/WarningButton.prefab using Guid(c763a983388706a4897f23bcb29d8b21) Importer(815301076,1909f56bfc062723c751e8b465ee728b)  -> (artifact id: 'eb9892c20a3eec7fdc1844f40b466ed2') in 0.011003 seconds
  Import took 0.014686 seconds .

========================================================================
Received Import Request.
  Time since last request: 0.000205 seconds.
  path: Assets/BUI/Prefabs/Buttons/MessageButton.prefab
  artifactKey: Guid(d65e6ae2e96b01643b57b1e4ebd06261) Importer(815301076,1909f56bfc062723c751e8b465ee728b)
Start importing Assets/BUI/Prefabs/Buttons/MessageButton.prefab using Guid(d65e6ae2e96b01643b57b1e4ebd06261) Importer(815301076,1909f56bfc062723c751e8b465ee728b)  -> (artifact id: '13fd3c652a56b136900a8cff0f874c42') in 0.015926 seconds
  Import took 0.020984 seconds .

========================================================================
Received Import Request.
  Time since last request: 0.000203 seconds.
  path: Assets/BUI/Prefabs/Buttons/SuccessionButton.prefab
  artifactKey: Guid(a90b468f76985d4419eeaca3e8ab68ed) Importer(815301076,1909f56bfc062723c751e8b465ee728b)
Start importing Assets/BUI/Prefabs/Buttons/SuccessionButton.prefab using Guid(a90b468f76985d4419eeaca3e8ab68ed) Importer(815301076,1909f56bfc062723c751e8b465ee728b)  -> (artifact id: '3014ee68a59c1df627d5427f88ececa7') in 0.010564 seconds
  Import took 0.014436 seconds .

========================================================================
Received Import Request.
  Time since last request: 0.017391 seconds.
  path: Assets/BUI/Prefabs/Buttons/SuccessionButton.prefab
  artifactKey: Guid(a90b468f76985d4419eeaca3e8ab68ed) Importer(815301076,1909f56bfc062723c751e8b465ee728b)
Start importing Assets/BUI/Prefabs/Buttons/SuccessionButton.prefab using Guid(a90b468f76985d4419eeaca3e8ab68ed) Importer(815301076,1909f56bfc062723c751e8b465ee728b)  -> (artifact id: '3014ee68a59c1df627d5427f88ececa7') in 0.005147 seconds
  Import took 0.009386 seconds .

========================================================================
Received Import Request.
  Time since last request: 17.203049 seconds.
  path: Assets/BUI/Prefabs/Boxes/ErrorBox.prefab
  artifactKey: Guid(90da9698691adb14d9340679b620280c) Importer(815301076,1909f56bfc062723c751e8b465ee728b)
Start importing Assets/BUI/Prefabs/Boxes/ErrorBox.prefab using Guid(90da9698691adb14d9340679b620280c) Importer(815301076,1909f56bfc062723c751e8b465ee728b)  -> (artifact id: '1c4e833757ba853a6f1726d8a1e82c45') in 0.012464 seconds
  Import took 0.016911 seconds .

========================================================================
Received Import Request.
  Time since last request: 0.000207 seconds.
  path: Assets/BUI/Prefabs/Boxes/SuccessionBox.prefab
  artifactKey: Guid(703b22bf2abd21f428b6313a33f8bd5d) Importer(815301076,1909f56bfc062723c751e8b465ee728b)
Start importing Assets/BUI/Prefabs/Boxes/SuccessionBox.prefab using Guid(703b22bf2abd21f428b6313a33f8bd5d) Importer(815301076,1909f56bfc062723c751e8b465ee728b)  -> (artifact id: 'db0ecefdc4479ec93ef4cab612d3b273') in 0.010356 seconds
  Import took 0.014091 seconds .

========================================================================
Received Import Request.
  Time since last request: 0.000190 seconds.
  path: Assets/BUI/Prefabs/Boxes/WarningBox.prefab
  artifactKey: Guid(d7435e30c34a4924994b6da1e1c561a1) Importer(815301076,1909f56bfc062723c751e8b465ee728b)
Start importing Assets/BUI/Prefabs/Boxes/WarningBox.prefab using Guid(d7435e30c34a4924994b6da1e1c561a1) Importer(815301076,1909f56bfc062723c751e8b465ee728b)  -> (artifact id: 'fed5c9047ba8ea93e6e129cfde1fae78') in 0.012636 seconds
  Import took 0.016652 seconds .

========================================================================
Received Import Request.
  Time since last request: 0.000298 seconds.
  path: Assets/BUI/Prefabs/Boxes/MessageBox.prefab
  artifactKey: Guid(bfa01247bc0bf1347810281c33b4aa9c) Importer(815301076,1909f56bfc062723c751e8b465ee728b)
Start importing Assets/BUI/Prefabs/Boxes/MessageBox.prefab using Guid(bfa01247bc0bf1347810281c33b4aa9c) Importer(815301076,1909f56bfc062723c751e8b465ee728b)  -> (artifact id: 'e2e9c96138eb0a1d5302219e5eb2fa9f') in 0.011196 seconds
  Import took 0.015543 seconds .

========================================================================
Received Import Request.
  Time since last request: 6.388333 seconds.
  path: Assets/BUI/Resources/BUI/CustomBoxes/demoBoxPicker.prefab
  artifactKey: Guid(80d3236dd6e8fae4480be5cc3ac665fa) Importer(815301076,1909f56bfc062723c751e8b465ee728b)
Start importing Assets/BUI/Resources/BUI/CustomBoxes/demoBoxPicker.prefab using Guid(80d3236dd6e8fae4480be5cc3ac665fa) Importer(815301076,1909f56bfc062723c751e8b465ee728b)  -> (artifact id: '7e104dc606916443372c7ad2ba637804') in 0.012212 seconds
  Import took 0.016935 seconds .

========================================================================
Received Import Request.
  Time since last request: 0.000209 seconds.
  path: Assets/BUI/Resources/BUI/CustomBoxes/videoDemoUserInput.prefab
  artifactKey: Guid(3784fb8424acd434ea0a4915777f19cd) Importer(815301076,1909f56bfc062723c751e8b465ee728b)
Start importing Assets/BUI/Resources/BUI/CustomBoxes/videoDemoUserInput.prefab using Guid(3784fb8424acd434ea0a4915777f19cd) Importer(815301076,1909f56bfc062723c751e8b465ee728b)  -> (artifact id: '0cb0cc349a809b9672a764ec8bacfc44') in 0.021142 seconds
  Import took 0.025040 seconds .

========================================================================
Received Import Request.
  Time since last request: 0.000213 seconds.
  path: Assets/BUI/Resources/BUI/CustomBoxes/WinnerBox.prefab
  artifactKey: Guid(20fe2f1ce0fd5e941897aedeae1dacca) Importer(815301076,1909f56bfc062723c751e8b465ee728b)
Start importing Assets/BUI/Resources/BUI/CustomBoxes/WinnerBox.prefab using Guid(20fe2f1ce0fd5e941897aedeae1dacca) Importer(815301076,1909f56bfc062723c751e8b465ee728b)  -> (artifact id: 'c0bdd1b62542a633326f1acae5cae5f4') in 0.021215 seconds
  Import took 0.025239 seconds .

========================================================================
Received Import Request.
  Time since last request: 12.303101 seconds.
  path: Assets/BUI/Resources/BUI/CustomButtons/CustomBTN.prefab
  artifactKey: Guid(d0781eb50a0cd894096f618be22217b3) Importer(815301076,1909f56bfc062723c751e8b465ee728b)
Start importing Assets/BUI/Resources/BUI/CustomButtons/CustomBTN.prefab using Guid(d0781eb50a0cd894096f618be22217b3) Importer(815301076,1909f56bfc062723c751e8b465ee728b)  -> (artifact id: 'c53d8b923b7f4700526cfcb2a059fb6d') in 0.010132 seconds
  Import took 0.014251 seconds .

========================================================================
Received Import Request.
  Time since last request: 0.000202 seconds.
  path: Assets/BUI/Resources/BUI/CustomButtons/customInputButton.prefab
  artifactKey: Guid(4d4e98e46c530ce4c9ffb2e047cb997b) Importer(815301076,1909f56bfc062723c751e8b465ee728b)
Start importing Assets/BUI/Resources/BUI/CustomButtons/customInputButton.prefab using Guid(4d4e98e46c530ce4c9ffb2e047cb997b) Importer(815301076,1909f56bfc062723c751e8b465ee728b)  -> (artifact id: 'a9b717542dbe1fe52382c06fab9ff444') in 0.010175 seconds
  Import took 0.014041 seconds .

========================================================================
Received Import Request.
  Time since last request: 1.607038 seconds.
  path: Assets/BUI/Resources/BUI/DefaultBoxes/ErrorBox.prefab
  artifactKey: Guid(d93d8174f8c63124b934df70b500351b) Importer(815301076,1909f56bfc062723c751e8b465ee728b)
Start importing Assets/BUI/Resources/BUI/DefaultBoxes/ErrorBox.prefab using Guid(d93d8174f8c63124b934df70b500351b) Importer(815301076,1909f56bfc062723c751e8b465ee728b)  -> (artifact id: '581eb2ab4f15cdf7cc0af1b059ea32c4') in 0.006088 seconds
  Import took 0.010292 seconds .

========================================================================
Received Import Request.
  Time since last request: 0.000177 seconds.
  path: Assets/BUI/Resources/BUI/DefaultBoxes/MessageBox.prefab
  artifactKey: Guid(a70da8c21a415f84ea40601bb2567f56) Importer(815301076,1909f56bfc062723c751e8b465ee728b)
Start importing Assets/BUI/Resources/BUI/DefaultBoxes/MessageBox.prefab using Guid(a70da8c21a415f84ea40601bb2567f56) Importer(815301076,1909f56bfc062723c751e8b465ee728b)  -> (artifact id: 'cb4e80df5a5a83e7a7588ef9234b2b6e') in 0.005467 seconds
  Import took 0.009220 seconds .

========================================================================
Received Import Request.
  Time since last request: 0.000058 seconds.
  path: Assets/BUI/Resources/BUI/DefaultBoxes/SuccessionBox.prefab
  artifactKey: Guid(deafb2cc06a280b419c511ca58d575e3) Importer(815301076,1909f56bfc062723c751e8b465ee728b)
Start importing Assets/BUI/Resources/BUI/DefaultBoxes/SuccessionBox.prefab using Guid(deafb2cc06a280b419c511ca58d575e3) Importer(815301076,1909f56bfc062723c751e8b465ee728b)  -> (artifact id: '94cd6a4f456209e3fd44c1d786b97786') in 0.006158 seconds
  Import took 0.010275 seconds .

========================================================================
Received Import Request.
  Time since last request: 0.000227 seconds.
  path: Assets/BUI/Resources/BUI/DefaultBoxes/WarningBox.prefab
  artifactKey: Guid(d7fb02f745f5b3d4f859fb0254f8f237) Importer(815301076,1909f56bfc062723c751e8b465ee728b)
Start importing Assets/BUI/Resources/BUI/DefaultBoxes/WarningBox.prefab using Guid(d7fb02f745f5b3d4f859fb0254f8f237) Importer(815301076,1909f56bfc062723c751e8b465ee728b)  -> (artifact id: 'e7f8f70bbee1f6f1d404c419e8dd2b30') in 0.008799 seconds
  Import took 0.013174 seconds .

========================================================================
Received Prepare
Refreshing native plugins compatible for Editor in 20.39 ms, found 1 plugins.
Preloading 0 native plugins for Editor in 0.00 ms.
Unloading 11 Unused Serialized files (Serialized files now loaded: 0)
System memory in use before: 54.0 MB.
System memory in use after: 54.1 MB.

Unloading 11 unused Assets to reduce memory usage. Loaded Objects now: 2551.
Total: 3.327600 ms (FindLiveObjects: 0.228400 ms CreateObjectMapping: 0.089300 ms MarkObjects: 2.972300 ms  DeleteObjects: 0.036000 ms)

AssetImportWorkerClient::OnTransportError - code=2 error=End of file
